Using pre-set license
Built from '2021.1/release' branch; Version is '2021.1.0f1 (61a549675243) revision 6399305'; Using compiler version '192528614'; Build Type 'Release'
OS: 'Windows 10 Home; OS build 19042.1052; Version 2009; 64bit' Language: 'hu' Physical Memory: 8065 MB
BatchMode: 1, IsHumanControllingUs: 0, StartBugReporterOnCrash: 0, Is64bit: 1, IsPro: 0

 COMMAND LINE ARGUMENTS:
C:\Unity Editors\2021.1.0f1\Editor\Unity.exe
-adb2
-batchMode
-noUpm
-name
AssetImportWorker3
-projectPath
D:/Unity/TetrisGame
-logFile
Logs/AssetImportWorker3.log
-srvPort
64351
Successfully changed project path to: D:/Unity/TetrisGame
D:/Unity/TetrisGame
Using Asset Import Pipeline V2.
Refreshing native plugins compatible for Editor in 88.76 ms, found 2 plugins.
Preloading 0 native plugins for Editor in 0.00 ms.
Initialize engine version: 2021.1.0f1 (61a549675243)
[Subsystems] Discovering subsystems at path C:/Unity Editors/2021.1.0f1/Editor/Data/Resources/UnitySubsystems
[Subsystems] Discovering subsystems at path D:/Unity/TetrisGame/Assets
GfxDevice: creating device client; threaded=0; jobified=0
Direct3D:
    Version:  Direct3D 11.0 [level 11.1]
    Renderer: NVIDIA GeForce GTX 1050 Ti (ID=0x1c8c)
    Vendor:   NVIDIA
    VRAM:     4018 MB
    Driver:   27.21.14.6140
Initialize mono
Mono path[0] = 'C:/Unity Editors/2021.1.0f1/Editor/Data/Managed'
Mono path[1] = 'C:/Unity Editors/2021.1.0f1/Editor/Data/MonoBleedingEdge/lib/mono/unityjit'
Mono config path = 'C:/Unity Editors/2021.1.0f1/Editor/Data/MonoBleedingEdge/etc'
Using monoOptions --debugger-agent=transport=dt_socket,embedding=1,server=y,suspend=n,address=127.0.0.1:56808
Begin MonoManager ReloadAssembly
Registering precompiled unity dll's ...
Register platform support module: C:/Unity Editors/2021.1.0f1/Editor/Data/PlaybackEngines/WebGLSupport/UnityEditor.WebGL.Extensions.dll
Register platform support module: C:/Unity Editors/2021.1.0f1/Editor/Data/PlaybackEngines/WindowsStandaloneSupport/UnityEditor.WindowsStandalone.Extensions.dll
Registered in 0.002270 seconds.
Native extension for WindowsStandalone target not found
Native extension for WebGL target not found
Refreshing native plugins compatible for Editor in 87.01 ms, found 2 plugins.
Preloading 0 native plugins for Editor in 0.00 ms.
Mono: successfully reloaded assembly
- Completed reload, in  5.446 seconds
Platform modules already initialized, skipping
Registering precompiled user dll's ...
Registered in 0.002715 seconds.
Begin MonoManager ReloadAssembly
Native extension for WindowsStandalone target not found
Native extension for WebGL target not found
Refreshing native plugins compatible for Editor in 88.27 ms, found 2 plugins.
Preloading 0 native plugins for Editor in 0.00 ms.
Mono: successfully reloaded assembly
- Completed reload, in  1.124 seconds
Platform modules already initialized, skipping
========================================================================
Worker process is ready to serve import requests
Launched and connected shader compiler UnityShaderCompiler.exe after 0.04 seconds
Refreshing native plugins compatible for Editor in 1.28 ms, found 2 plugins.
Preloading 0 native plugins for Editor in 0.00 ms.
Unloading 3381 Unused Serialized files (Serialized files now loaded: 0)
System memory in use before: 129.4 MB.
System memory in use after: 129.5 MB.

Unloading 29 unused Assets to reduce memory usage. Loaded Objects now: 3834.
Total: 2.650400 ms (FindLiveObjects: 0.320300 ms CreateObjectMapping: 0.197000 ms MarkObjects: 2.027100 ms  DeleteObjects: 0.105300 ms)

========================================================================
Received Import Request.
  path: Assets/Resources/S_shape.PNG
  artifactKey: Guid(a048be362149c4543a0dfa5f2ea29dcf) Importer(815301076,1909f56bfc062723c751e8b465ee728b)
Start importing Assets/Resources/S_shape.PNG using Guid(a048be362149c4543a0dfa5f2ea29dcf) Importer(815301076,1909f56bfc062723c751e8b465ee728b)  -> (artifact id: 'e71da530464be73326fc59a45df7a2c1') in 0.171679 seconds 
========================================================================
Received Import Request.
  Time since last request: 0.000382 seconds.
  path: Assets/Resources/L_shape.PNG
  artifactKey: Guid(eb56099c67e17e649aecf1ef904c46c1) Importer(815301076,1909f56bfc062723c751e8b465ee728b)
Start importing Assets/Resources/L_shape.PNG using Guid(eb56099c67e17e649aecf1ef904c46c1) Importer(815301076,1909f56bfc062723c751e8b465ee728b)  -> (artifact id: 'bcee633c781c972c5f5278c424088d08') in 0.032963 seconds 
========================================================================
Received Import Request.
  Time since last request: 0.000285 seconds.
  path: Assets/Resources/O_shape.PNG
  artifactKey: Guid(9bbe73397f41db449bbfb6abb8cedbe1) Importer(815301076,1909f56bfc062723c751e8b465ee728b)
Start importing Assets/Resources/O_shape.PNG using Guid(9bbe73397f41db449bbfb6abb8cedbe1) Importer(815301076,1909f56bfc062723c751e8b465ee728b)  -> (artifact id: '45595633416fd14d2c86b57c520b761d') in 0.029609 seconds 
========================================================================
Received Import Request.
  Time since last request: 0.000344 seconds.
  path: Assets/Resources/T_shape.PNG
  artifactKey: Guid(15e849c53373ccd4e9f98f2a713832e0) Importer(815301076,1909f56bfc062723c751e8b465ee728b)
Start importing Assets/Resources/T_shape.PNG using Guid(15e849c53373ccd4e9f98f2a713832e0) Importer(815301076,1909f56bfc062723c751e8b465ee728b)  -> (artifact id: '82f28de8b9324624d3eb3ee5401a9b1f') in 0.031040 seconds 
========================================================================
Received Import Request.
  Time since last request: 0.000324 seconds.
  path: Assets/Resources
  artifactKey: Guid(0e1385a713dcab2428a3e51ed0bbaabb) Importer(815301076,1909f56bfc062723c751e8b465ee728b)
Start importing Assets/Resources using Guid(0e1385a713dcab2428a3e51ed0bbaabb) Importer(815301076,1909f56bfc062723c751e8b465ee728b)  -> (artifact id: '628b4716e23c0b1c6b539277390b484f') in 0.006905 seconds 
========================================================================
Received Import Request.
  Time since last request: 0.000297 seconds.
  path: Assets/Resources/I_shape.PNG
  artifactKey: Guid(d92e6537cd3781f4da673a27c233f123) Importer(815301076,1909f56bfc062723c751e8b465ee728b)
Start importing Assets/Resources/I_shape.PNG using Guid(d92e6537cd3781f4da673a27c233f123) Importer(815301076,1909f56bfc062723c751e8b465ee728b)  -> (artifact id: 'ecb6793b60f239bc81a245686aad973f') in 0.034152 seconds 
========================================================================
Received Import Request.
  Time since last request: 0.000264 seconds.
  path: Assets/Resources/J_shape.PNG
  artifactKey: Guid(62496e9bd3a5e1d439d9e0c855b383ce) Importer(815301076,1909f56bfc062723c751e8b465ee728b)
Start importing Assets/Resources/J_shape.PNG using Guid(62496e9bd3a5e1d439d9e0c855b383ce) Importer(815301076,1909f56bfc062723c751e8b465ee728b)  -> (artifact id: '02d8a3a15947fa01de7994b88ac58d4a') in 0.030743 seconds 
========================================================================
Received Prepare
Registering precompiled user dll's ...
Registered in 0.002384 seconds.
Begin MonoManager ReloadAssembly
Native extension for WindowsStandalone target not found
Native extension for WebGL target not found
Refreshing native plugins compatible for Editor in 0.62 ms, found 2 plugins.
Preloading 0 native plugins for Editor in 0.00 ms.
Mono: successfully reloaded assembly
- Completed reload, in  0.937 seconds
Platform modules already initialized, skipping
Refreshing native plugins compatible for Editor in 0.59 ms, found 2 plugins.
Preloading 0 native plugins for Editor in 0.00 ms.
Unloading 3369 Unused Serialized files (Serialized files now loaded: 0)
System memory in use before: 134.7 MB.
System memory in use after: 134.8 MB.

Unloading 17 unused Assets to reduce memory usage. Loaded Objects now: 3944.
Total: 2.834100 ms (FindLiveObjects: 0.437600 ms CreateObjectMapping: 0.202300 ms MarkObjects: 2.105300 ms  DeleteObjects: 0.087900 ms)

========================================================================
Received Prepare
Registering precompiled user dll's ...
Registered in 0.002506 seconds.
Begin MonoManager ReloadAssembly
Native extension for WindowsStandalone target not found
Native extension for WebGL target not found
Refreshing native plugins compatible for Editor in 0.62 ms, found 2 plugins.
Preloading 0 native plugins for Editor in 0.00 ms.
Mono: successfully reloaded assembly
- Completed reload, in  0.923 seconds
Platform modules already initialized, skipping
Refreshing native plugins compatible for Editor in 0.60 ms, found 2 plugins.
Preloading 0 native plugins for Editor in 0.00 ms.
Unloading 3362 Unused Serialized files (Serialized files now loaded: 0)
System memory in use before: 134.5 MB.
System memory in use after: 134.6 MB.

Unloading 18 unused Assets to reduce memory usage. Loaded Objects now: 3947.
Total: 2.720400 ms (FindLiveObjects: 0.367200 ms CreateObjectMapping: 0.186700 ms MarkObjects: 2.036700 ms  DeleteObjects: 0.128400 ms)

========================================================================
Received Import Request.
  Time since last request: 124.970608 seconds.
  path: Assets/Scripts/GridStack.cs
  artifactKey: Guid(51c8289e7e9489a4da4c51bd661f2743) Importer(815301076,1909f56bfc062723c751e8b465ee728b)
Start importing Assets/Scripts/GridStack.cs using Guid(51c8289e7e9489a4da4c51bd661f2743) Importer(815301076,1909f56bfc062723c751e8b465ee728b)  -> (artifact id: '888c4a16a8095cfafd43779dfff4eab0') in 0.017628 seconds 
========================================================================
Received Prepare
Registering precompiled user dll's ...
Registered in 0.002471 seconds.
Begin MonoManager ReloadAssembly
Native extension for WindowsStandalone target not found
Native extension for WebGL target not found
Refreshing native plugins compatible for Editor in 0.82 ms, found 2 plugins.
Preloading 0 native plugins for Editor in 0.00 ms.
Mono: successfully reloaded assembly
- Completed reload, in  0.944 seconds
Platform modules already initialized, skipping
Refreshing native plugins compatible for Editor in 0.61 ms, found 2 plugins.
Preloading 0 native plugins for Editor in 0.00 ms.
Unloading 3363 Unused Serialized files (Serialized files now loaded: 0)
System memory in use before: 134.6 MB.
System memory in use after: 134.7 MB.

Unloading 17 unused Assets to reduce memory usage. Loaded Objects now: 3952.
Total: 3.842400 ms (FindLiveObjects: 0.634000 ms CreateObjectMapping: 0.393300 ms MarkObjects: 2.719600 ms  DeleteObjects: 0.092700 ms)

========================================================================
Received Prepare
Registering precompiled user dll's ...
Registered in 0.002556 seconds.
Begin MonoManager ReloadAssembly
Native extension for WindowsStandalone target not found
Native extension for WebGL target not found
Refreshing native plugins compatible for Editor in 0.63 ms, found 2 plugins.
Preloading 0 native plugins for Editor in 0.00 ms.
Mono: successfully reloaded assembly
- Completed reload, in  0.954 seconds
Platform modules already initialized, skipping
Refreshing native plugins compatible for Editor in 0.61 ms, found 2 plugins.
Preloading 0 native plugins for Editor in 0.00 ms.
Unloading 3363 Unused Serialized files (Serialized files now loaded: 0)
System memory in use before: 134.6 MB.
System memory in use after: 134.7 MB.

Unloading 17 unused Assets to reduce memory usage. Loaded Objects now: 3956.
Total: 3.009600 ms (FindLiveObjects: 0.424000 ms CreateObjectMapping: 0.220300 ms MarkObjects: 2.270000 ms  DeleteObjects: 0.094500 ms)

========================================================================
Received Prepare
Registering precompiled user dll's ...
Registered in 0.002376 seconds.
Begin MonoManager ReloadAssembly
Native extension for WindowsStandalone target not found
Native extension for WebGL target not found
Refreshing native plugins compatible for Editor in 0.59 ms, found 2 plugins.
Preloading 0 native plugins for Editor in 0.00 ms.
Mono: successfully reloaded assembly
- Completed reload, in  0.919 seconds
Platform modules already initialized, skipping
Refreshing native plugins compatible for Editor in 0.62 ms, found 2 plugins.
Preloading 0 native plugins for Editor in 0.00 ms.
Unloading 3363 Unused Serialized files (Serialized files now loaded: 0)
System memory in use before: 134.6 MB.
System memory in use after: 134.7 MB.

Unloading 17 unused Assets to reduce memory usage. Loaded Objects now: 3960.
Total: 2.835900 ms (FindLiveObjects: 0.291800 ms CreateObjectMapping: 0.175400 ms MarkObjects: 2.235200 ms  DeleteObjects: 0.132600 ms)

========================================================================
Received Prepare
Registering precompiled user dll's ...
Registered in 0.002561 seconds.
Begin MonoManager ReloadAssembly
Native extension for WindowsStandalone target not found
Native extension for WebGL target not found
Refreshing native plugins compatible for Editor in 0.58 ms, found 2 plugins.
Preloading 0 native plugins for Editor in 0.00 ms.
Mono: successfully reloaded assembly
- Completed reload, in  0.963 seconds
Platform modules already initialized, skipping
Refreshing native plugins compatible for Editor in 0.70 ms, found 2 plugins.
Preloading 0 native plugins for Editor in 0.00 ms.
Unloading 3363 Unused Serialized files (Serialized files now loaded: 0)
System memory in use before: 134.6 MB.
System memory in use after: 134.8 MB.

Unloading 17 unused Assets to reduce memory usage. Loaded Objects now: 3964.
Total: 2.558400 ms (FindLiveObjects: 0.283000 ms CreateObjectMapping: 0.148400 ms MarkObjects: 2.043300 ms  DeleteObjects: 0.083000 ms)

========================================================================
Received Prepare
Registering precompiled user dll's ...
Registered in 0.002275 seconds.
Begin MonoManager ReloadAssembly
Native extension for WindowsStandalone target not found
Native extension for WebGL target not found
Refreshing native plugins compatible for Editor in 0.58 ms, found 2 plugins.
Preloading 0 native plugins for Editor in 0.00 ms.
Mono: successfully reloaded assembly
- Completed reload, in  0.894 seconds
Platform modules already initialized, skipping
Refreshing native plugins compatible for Editor in 0.59 ms, found 2 plugins.
Preloading 0 native plugins for Editor in 0.00 ms.
Unloading 3363 Unused Serialized files (Serialized files now loaded: 0)
System memory in use before: 134.7 MB.
System memory in use after: 134.8 MB.

Unloading 17 unused Assets to reduce memory usage. Loaded Objects now: 3968.
Total: 2.333600 ms (FindLiveObjects: 0.264900 ms CreateObjectMapping: 0.141100 ms MarkObjects: 1.842600 ms  DeleteObjects: 0.084400 ms)

========================================================================
Received Prepare
Registering precompiled user dll's ...
Registered in 0.002357 seconds.
Begin MonoManager ReloadAssembly
Native extension for WindowsStandalone target not found
Native extension for WebGL target not found
Refreshing native plugins compatible for Editor in 0.58 ms, found 2 plugins.
Preloading 0 native plugins for Editor in 0.00 ms.
Mono: successfully reloaded assembly
- Completed reload, in  0.953 seconds
Platform modules already initialized, skipping
Refreshing native plugins compatible for Editor in 0.60 ms, found 2 plugins.
Preloading 0 native plugins for Editor in 0.00 ms.
Unloading 3363 Unused Serialized files (Serialized files now loaded: 0)
System memory in use before: 134.7 MB.
System memory in use after: 134.8 MB.

Unloading 17 unused Assets to reduce memory usage. Loaded Objects now: 3972.
Total: 2.760800 ms (FindLiveObjects: 0.282100 ms CreateObjectMapping: 0.157500 ms MarkObjects: 2.229700 ms  DeleteObjects: 0.090900 ms)

========================================================================
Received Prepare
Registering precompiled user dll's ...
Registered in 0.002404 seconds.
Begin MonoManager ReloadAssembly
Native extension for WindowsStandalone target not found
Native extension for WebGL target not found
Refreshing native plugins compatible for Editor in 0.73 ms, found 2 plugins.
Preloading 0 native plugins for Editor in 0.00 ms.
Mono: successfully reloaded assembly
- Completed reload, in  0.982 seconds
Platform modules already initialized, skipping
Refreshing native plugins compatible for Editor in 0.59 ms, found 2 plugins.
Preloading 0 native plugins for Editor in 0.00 ms.
Unloading 3363 Unused Serialized files (Serialized files now loaded: 0)
System memory in use before: 134.7 MB.
System memory in use after: 134.8 MB.

Unloading 17 unused Assets to reduce memory usage. Loaded Objects now: 3976.
Total: 2.575100 ms (FindLiveObjects: 0.259000 ms CreateObjectMapping: 0.158300 ms MarkObjects: 2.069400 ms  DeleteObjects: 0.087400 ms)

========================================================================
Received Prepare
Registering precompiled user dll's ...
Registered in 0.002353 seconds.
Begin MonoManager ReloadAssembly
Native extension for WindowsStandalone target not found
Native extension for WebGL target not found
Refreshing native plugins compatible for Editor in 0.62 ms, found 2 plugins.
Preloading 0 native plugins for Editor in 0.00 ms.
Mono: successfully reloaded assembly
- Completed reload, in  0.924 seconds
Platform modules already initialized, skipping
Refreshing native plugins compatible for Editor in 0.62 ms, found 2 plugins.
Preloading 0 native plugins for Editor in 0.00 ms.
Unloading 3363 Unused Serialized files (Serialized files now loaded: 0)
System memory in use before: 134.7 MB.
System memory in use after: 134.8 MB.

Unloading 17 unused Assets to reduce memory usage. Loaded Objects now: 3980.
Total: 3.930300 ms (FindLiveObjects: 0.457000 ms CreateObjectMapping: 0.233400 ms MarkObjects: 3.090000 ms  DeleteObjects: 0.148600 ms)

========================================================================
Received Prepare
Registering precompiled user dll's ...
Registered in 0.003170 seconds.
Begin MonoManager ReloadAssembly
Native extension for WindowsStandalone target not found
Native extension for WebGL target not found
Refreshing native plugins compatible for Editor in 0.64 ms, found 2 plugins.
Preloading 0 native plugins for Editor in 0.00 ms.
Mono: successfully reloaded assembly
- Completed reload, in  0.904 seconds
Platform modules already initialized, skipping
Refreshing native plugins compatible for Editor in 0.63 ms, found 2 plugins.
Preloading 0 native plugins for Editor in 0.00 ms.
Unloading 3363 Unused Serialized files (Serialized files now loaded: 0)
System memory in use before: 134.7 MB.
System memory in use after: 134.8 MB.

Unloading 17 unused Assets to reduce memory usage. Loaded Objects now: 3984.
Total: 2.691500 ms (FindLiveObjects: 0.312600 ms CreateObjectMapping: 0.179100 ms MarkObjects: 2.109300 ms  DeleteObjects: 0.089600 ms)

AssetImportWorkerClient::OnTransportError - code=2 error=End of file
